  CopyTemp.cpp
C:\Users\amira\OneDrive - The Academic College of Tel-Aviv Jaffa - MTA\Data Structures\DataStructersEx01\DataStructures-Ex01\CopyTemp.cpp(3,6): error C2653: 'FindPathsProgram': is not a class or namespace name
C:\Users\amira\OneDrive - The Academic College of Tel-Aviv Jaffa - MTA\Data Structures\DataStructersEx01\DataStructures-Ex01\CopyTemp.cpp(3,53): error C4430: missing type specifier - int assumed. Note: C++ does not support default-int
C:\Users\amira\OneDrive - The Academic College of Tel-Aviv Jaffa - MTA\Data Structures\DataStructersEx01\DataStructures-Ex01\CopyTemp.cpp(3,53): error C2143: syntax error: missing ',' before '&'
C:\Users\amira\OneDrive - The Academic College of Tel-Aviv Jaffa - MTA\Data Structures\DataStructersEx01\DataStructures-Ex01\CopyTemp.cpp(5,20): error C2065: 'i_CurrCityCenter': undeclared identifier
C:\Users\amira\OneDrive - The Academic College of Tel-Aviv Jaffa - MTA\Data Structures\DataStructersEx01\DataStructures-Ex01\CopyTemp.cpp(6,2): error C2065: 'MyList': undeclared identifier
C:\Users\amira\OneDrive - The Academic College of Tel-Aviv Jaffa - MTA\Data Structures\DataStructersEx01\DataStructures-Ex01\CopyTemp.cpp(6,9): error C2146: syntax error: missing ';' before identifier 'cityAdjacentList'
C:\Users\amira\OneDrive - The Academic College of Tel-Aviv Jaffa - MTA\Data Structures\DataStructersEx01\DataStructures-Ex01\CopyTemp.cpp(6,9): error C2065: 'cityAdjacentList': undeclared identifier
C:\Users\amira\OneDrive - The Academic College of Tel-Aviv Jaffa - MTA\Data Structures\DataStructersEx01\DataStructures-Ex01\CopyTemp.cpp(6,28): error C2065: 'i_CurrCityCenter': undeclared identifier
C:\Users\amira\OneDrive - The Academic College of Tel-Aviv Jaffa - MTA\Data Structures\DataStructersEx01\DataStructures-Ex01\CopyTemp.cpp(7,2): error C2065: 'ListNode': undeclared identifier
C:\Users\amira\OneDrive - The Academic College of Tel-Aviv Jaffa - MTA\Data Structures\DataStructersEx01\DataStructures-Ex01\CopyTemp.cpp(7,12): error C2065: 'currNodeInAdjCity': undeclared identifier
C:\Users\amira\OneDrive - The Academic College of Tel-Aviv Jaffa - MTA\Data Structures\DataStructersEx01\DataStructures-Ex01\CopyTemp.cpp(7,32): error C2065: 'cityAdjacentList': undeclared identifier
C:\Users\amira\OneDrive - The Academic College of Tel-Aviv Jaffa - MTA\Data Structures\DataStructersEx01\DataStructures-Ex01\CopyTemp.cpp(10,2): error C2065: 'm_CitiesColorsRecursion': undeclared identifier
C:\Users\amira\OneDrive - The Academic College of Tel-Aviv Jaffa - MTA\Data Structures\DataStructersEx01\DataStructures-Ex01\CopyTemp.cpp(10,45): error C2653: 'eColors': is not a class or namespace name
C:\Users\amira\OneDrive - The Academic College of Tel-Aviv Jaffa - MTA\Data Structures\DataStructersEx01\DataStructures-Ex01\CopyTemp.cpp(10,54): error C2065: 'BLACK': undeclared identifier
C:\Users\amira\OneDrive - The Academic College of Tel-Aviv Jaffa - MTA\Data Structures\DataStructersEx01\DataStructures-Ex01\CopyTemp.cpp(11,2): error C2065: 'm_AccessGrpRecursion': undeclared identifier
C:\Users\amira\OneDrive - The Academic College of Tel-Aviv Jaffa - MTA\Data Structures\DataStructersEx01\DataStructures-Ex01\CopyTemp.cpp(13,9): error C2065: 'currNodeInAdjCity': undeclared identifier
C:\Users\amira\OneDrive - The Academic College of Tel-Aviv Jaffa - MTA\Data Structures\DataStructersEx01\DataStructures-Ex01\CopyTemp.cpp(13,30): error C2065: 'NULL': undeclared identifier
C:\Users\amira\OneDrive - The Academic College of Tel-Aviv Jaffa - MTA\Data Structures\DataStructersEx01\DataStructures-Ex01\CopyTemp.cpp(15,21): error C2065: 'currNodeInAdjCity': undeclared identifier
C:\Users\amira\OneDrive - The Academic College of Tel-Aviv Jaffa - MTA\Data Structures\DataStructersEx01\DataStructures-Ex01\CopyTemp.cpp(16,7): error C2065: 'm_CitiesColorsRecursion': undeclared identifier
C:\Users\amira\OneDrive - The Academic College of Tel-Aviv Jaffa - MTA\Data Structures\DataStructersEx01\DataStructures-Ex01\CopyTemp.cpp(16,55): error C2653: 'eColors': is not a class or namespace name
C:\Users\amira\OneDrive - The Academic College of Tel-Aviv Jaffa - MTA\Data Structures\DataStructersEx01\DataStructures-Ex01\CopyTemp.cpp(16,64): error C2065: 'WHITE': undeclared identifier
C:\Users\amira\OneDrive - The Academic College of Tel-Aviv Jaffa - MTA\Data Structures\DataStructersEx01\DataStructures-Ex01\CopyTemp.cpp(18,23): error C2065: 'm_Country': undeclared identifier
C:\Users\amira\OneDrive - The Academic College of Tel-Aviv Jaffa - MTA\Data Structures\DataStructersEx01\DataStructures-Ex01\CopyTemp.cpp(21,3): error C2065: 'currNodeInAdjCity': undeclared identifier
C:\Users\amira\OneDrive - The Academic College of Tel-Aviv Jaffa - MTA\Data Structures\DataStructersEx01\DataStructures-Ex01\CopyTemp.cpp(21,23): error C2065: 'currNodeInAdjCity': undeclared identifier
  Country.cpp
  FindPathsProgram.cpp
C:\Users\amira\OneDrive - The Academic College of Tel-Aviv Jaffa - MTA\Data Structures\DataStructersEx01\DataStructures-Ex01\ItemType.h(14,35): error C2530: 'ItemType::m_CityCenter': references must be initialized
C:\Users\amira\OneDrive - The Academic College of Tel-Aviv Jaffa - MTA\Data Structures\DataStructersEx01\DataStructures-Ex01\FindPathsProgram.cpp(72,26): error C2679: binary '=': no operator found which takes a right-hand operand of type 'ItemType' (or there is no acceptable conversion)
C:\Users\amira\OneDrive - The Academic College of Tel-Aviv Jaffa - MTA\Data Structures\DataStructersEx01\DataStructures-Ex01\ItemType.h(17,11): message : could be 'ItemType ItemType::operator =(ItemType &)'
C:\Users\amira\OneDrive - The Academic College of Tel-Aviv Jaffa - MTA\Data Structures\DataStructersEx01\DataStructures-Ex01\FindPathsProgram.cpp(72,26): message : while trying to match the argument list '(ItemType, ItemType)'
C:\Users\amira\OneDrive - The Academic College of Tel-Aviv Jaffa - MTA\Data Structures\DataStructersEx01\DataStructures-Ex01\FindPathsProgram.cpp(92,4): error C2065: 'currNodeInAdjCity': undeclared identifier
C:\Users\amira\OneDrive - The Academic College of Tel-Aviv Jaffa - MTA\Data Structures\DataStructersEx01\DataStructures-Ex01\FindPathsProgram.cpp(92,24): error C2065: 'currNodeInAdjCity': undeclared identifier
C:\Users\amira\OneDrive - The Academic College of Tel-Aviv Jaffa - MTA\Data Structures\DataStructersEx01\DataStructures-Ex01\FindPathsProgram.cpp(175,29): warning C4267: 'initializing': conversion from 'size_t' to 'int', possible loss of data
  ItemType.cpp
C:\Users\amira\OneDrive - The Academic College of Tel-Aviv Jaffa - MTA\Data Structures\DataStructersEx01\DataStructures-Ex01\ItemType.h(14,35): error C2530: 'ItemType::m_CityCenter': references must be initialized
C:\Users\amira\OneDrive - The Academic College of Tel-Aviv Jaffa - MTA\Data Structures\DataStructersEx01\DataStructures-Ex01\ItemType.cpp(4,1): error C2530: 'ItemType::m_CityCenter': references must be initialized
  Main.cpp
C:\Users\amira\OneDrive - The Academic College of Tel-Aviv Jaffa - MTA\Data Structures\DataStructersEx01\DataStructures-Ex01\ItemType.h(14,35): error C2530: 'ItemType::m_CityCenter': references must be initialized
C:\Users\amira\OneDrive - The Academic College of Tel-Aviv Jaffa - MTA\Data Structures\DataStructersEx01\DataStructures-Ex01\Main.cpp(4,1): warning C4326: return type of 'main' should be 'int' instead of 'void'
  Stack.cpp
C:\Users\amira\OneDrive - The Academic College of Tel-Aviv Jaffa - MTA\Data Structures\DataStructersEx01\DataStructures-Ex01\ItemType.h(14,35): error C2530: 'ItemType::m_CityCenter': references must be initialized
  StackNode.cpp
C:\Users\amira\OneDrive - The Academic College of Tel-Aviv Jaffa - MTA\Data Structures\DataStructersEx01\DataStructures-Ex01\ItemType.h(14,35): error C2530: 'ItemType::m_CityCenter': references must be initialized
  Generating Code...
